<?xml version="1.0" encoding="UTF-8"?>
<beans xmlns="http://www.springframework.org/schema/beans" xmlns:xsi="http://www.w3.org/2001/XMLSchema-instance"
       xmlns:jdbc="http://www.springframework.org/schema/jdbc"
       xsi:schemaLocation="http://www.springframework.org/schema/beans http://www.springframework.org/schema/beans/spring-beans-3.0.xsd
       http://www.springframework.org/schema/jdbc     http://www.springframework.org/schema/jdbc/spring-jdbc-3.0.xsd">

    <bean id="patientService" class="com.hospital.services.impl.PatientServiceImpl">
        <constructor-arg ref="patientDao"/>
    </bean>

    <bean id="patientDao" class="com.hospital.daos.jdbc.PatientDaoJdbc">
        <constructor-arg ref="dataSource"/>
    </bean>

    <jdbc:embedded-database id="dataSource" type="HSQL">
        <jdbc:script location="classpath:schema.sql"/>
        <jdbc:script location="classpath:test-data.sql"/>
    </jdbc:embedded-database>

</beans>